<?xml version="1.0" encoding="UTF-8"?>
<!-- Generated by org.testng.reporters.JUnitReportReporter -->
<testsuite skipped="0" hostname="C02X25MMJG5M" name="com.my.home.test.util.TestNgIntegration" tests="1" failures="0" timestamp="29 Jan 2019 06:28:51 GMT" time="0.017" errors="0">
  <testcase name="feature" time="0.017" classname="com.my.home.test.util.TestNgIntegration"/>
</testsuite> <!-- com.my.home.test.util.TestNgIntegration -->
