<?xml version="1.0" encoding="UTF-8"?>
<!-- Generated by org.testng.reporters.JUnitReportReporter -->
<testsuite skipped="0" hostname="C02X25MMJG5M" name="com.my.home.test.Selenium.test.APMTraverseTest" tests="1" failures="0" timestamp="29 Jan 2019 10:48:30 GMT" time="29.128" errors="0">
  <testcase name="verify_APM_Login" time="29.128" classname="com.my.home.test.Selenium.test.APMTraverseTest"/>
</testsuite> <!-- com.my.home.test.Selenium.test.APMTraverseTest -->
