<?xml version="1.0" encoding="UTF-8"?>
<!-- Generated by org.testng.reporters.JUnitReportReporter -->
<testsuite skipped="0" hostname="C02X25MMJG5M" name="com.my.home.test.Selenium.test.TestNgIntegration" tests="1" failures="0" timestamp="29 Jan 2019 06:46:28 GMT" time="10.507" errors="0">
  <testcase name="feature" time="10.507" classname="com.my.home.test.Selenium.test.TestNgIntegration"/>
</testsuite> <!-- com.my.home.test.Selenium.test.TestNgIntegration -->
