<?xml version="1.0" encoding="UTF-8"?>
<!-- Generated by org.testng.reporters.JUnitReportReporter -->
<testsuite skipped="0" hostname="C02X25MMJG5M" name="com.my.home.test.seleniumCucumber.AppTest" tests="1" failures="0" timestamp="29 Jan 2019 15:47:02 GMT" time="0.005" errors="0">
  <testcase name="testApp" time="0.005" classname="com.my.home.test.seleniumCucumber.AppTest"/>
</testsuite> <!-- com.my.home.test.seleniumCucumber.AppTest -->
