<?xml version="1.0" encoding="UTF-8"?>
<!-- Generated by org.testng.reporters.JUnitReportReporter -->
<testsuite skipped="0" hostname="C02X25MMJG5M" name="com.my.home.test.Selenium.test.TestNgIntegration" tests="2" failures="0" timestamp="29 Jan 2019 15:47:02 GMT" time="105.463" errors="0">
  <testcase name="feature" time="94.600" classname="com.my.home.test.Selenium.test.TestNgIntegration"/>
  <testcase name="feature" time="10.863" classname="com.my.home.test.Selenium.test.TestNgIntegration"/>
</testsuite> <!-- com.my.home.test.Selenium.test.TestNgIntegration -->
